Logging from time: Wed Nov 20 18:29:16 2019
   0| Goblin moves:
   1|   <10, 10> to <11, 10>
   2| Player moves:
   3|   <30, 10> to <31, 11>
   4| Goblin moves:
   5|   <11, 10> to <12, 11>
   6| Player moves:
   7|   <31, 11> to <32, 11>
   8| Goblin moves:
   9|   <12, 11> to <13, 11>
  10| Player moves:
  11|   <32, 11> to <33, 11>
  12| Goblin moves:
  13|   <13, 11> to <14, 11>
  14| Player moves:
  15|   <33, 11> to <34, 11>
  16| Goblin moves:
  17|   <14, 11> to <15, 11>
  18| Player moves:
  19|   <34, 11> to <35, 11>
  20| Goblin moves:
  21|   <15, 11> to <16, 11>
  22| Player moves:
  23|   <35, 11> to <36, 11>
  24| Goblin moves:
  25|   <16, 11> to <17, 11>
  26| Player moves:
  27|   <36, 11> to <37, 11>
  28| Goblin moves:
  29|   <17, 11> to <18, 11>
  30| Player moves:
  31|   <37, 11> to <38, 11>
  32| Goblin moves:
  33|   <18, 11> to <19, 11>
  34| Player moves:
  35|   <38, 11> to <39, 11>
  36| Goblin moves:
  37|   <19, 11> to <20, 11>
  38| Player moves:
  39|   <39, 11> to <40, 11>
  40| Goblin moves:
  41|   <20, 11> to <21, 11>
  42| Player moves:
  43|   <40, 11> to <41, 10>
  44| Goblin Cannot see Player
  45| Goblin moves:
  46|   <21, 11> to <22, 11>
  47| Player moves:
  48|   <41, 10> to <42, 9>
  49| Goblin Cannot see Player
  50| Goblin moves:
  51|   <22, 11> to <23, 11>
  52| Player moves:
  53|   <42, 9> to <43, 8>
  54| Goblin Cannot see Player
  55| Goblin moves:
  56|   <23, 11> to <24, 11>
  57| Player moves:
  58|   <43, 8> to <44, 7>
  59| Goblin Cannot see Player
  60| Goblin moves:
  61|   <24, 11> to <25, 11>
  62| Player moves:
  63|   <44, 7> to <44, 6>
  64| Goblin Cannot see Player
  65| Goblin moves:
  66|   <25, 11> to <26, 11>
  67| Player moves:
Game exited normally
